
DISCORDANÇA: ../../wikiform/data/pages/cmd/bib/_be1/index.txt
DISCORDANÇA: ../../wikiform/data/pages/cmd/bib/_be2/index.txt
DISCORDANÇA: ../../wikiform/data/pages/cmd/bib/be1e/index.txt
SENSE TÍTOL: ../../wikiform/data/pages/cmd/tac/aplicacions2_0/index.txt
DISCORDANÇA: ../../wikiform/data/pages/cmd/tac/jtm2/index.txt
DISCORDANÇA: ../../wikiform/data/pages/cmd/tac/linkat/index.txt
DISCORDANÇA: ../../wikiform/data/pages/cmd/tac/moodle2/index.txt
DISCORDANÇA: ../../wikiform/data/pages/cmd/tac/multimedia/index.txt
DISCORDANÇA: ../../wikiform/data/pages/cmd/tac/spi/index.txt
DISCORDANÇA: ../../wikiform/data/pages/cursos/tic/cttc_ant/index.txt
SENSE TÍTOL: ../../wikiform/data/pages/cursos/tic/cttcz/index.txt
DISCORDANÇA: ../../wikiform/data/pages/cursos/tic/d71_old/index.txt
SENSE TÍTOL: ../../wikiform/data/pages/cursos/escola_inclusiva/d233/index.txt
DISCORDANÇA: ../../wikiform/data/pages/fic/cci/cci01/index.txt
DISCORDANÇA: ../../wikiform/data/pages/fic/cco/cco01/index.txt
DISCORDANÇA: ../../wikiform/data/pages/fic/cco/cco02/index.txt
DISCORDANÇA: ../../wikiform/data/pages/fic/cco/cco03/index.txt
DISCORDANÇA: ../../wikiform/data/pages/fic/cco/cco04/index.txt
DISCORDANÇA: ../../wikiform/data/pages/fic/cco/ccp03/index.txt
DISCORDANÇA: ../../wikiform/data/pages/fic/cma/cma01/index.txt
DISCORDANÇA: ../../wikiform/data/pages/fic/cma/cma02/index.txt
DISCORDANÇA: ../../wikiform/data/pages/fic/cma/cma03/index.txt
DISCORDANÇA: ../../wikiform/data/pages/fic/cma/cma04/index.txt
DISCORDANÇA: ../../wikiform/data/pages/fic/cma/cma05/index.txt
DISCORDANÇA: ../../wikiform/data/pages/fic/epa/epa1/index.txt
DISCORDANÇA: ../../wikiform/data/pages/fic/llai/lla01/index.txt
DISCORDANÇA: ../../wikiform/data/pages/fic/tav/tav1/index.txt
DISCORDANÇA: ../../wikiform/data/pages/fic/tdi/tdi01/index.txt
DISCORDANÇA: ../../wikiform/data/pages/fic/tdi/tdi02/index.txt
SENSE TÍTOL: ../../wikiform/data/pages/saga/cursos/cpas/index.txt
DISCORDANÇA: ../../wikiform/data/pages/saga/cursos/csgs/index.txt
DISCORDANÇA: ../../wikiform/data/pages/pas/actic/c1n1/index.txt
DISCORDANÇA: ../../wikiform/data/pages/pas/actic/c1n2/index.txt
DISCORDANÇA: ../../wikiform/data/pages/pas/actic/c2n1/index.txt
DISCORDANÇA: ../../wikiform/data/pages/pas/actic/c2n2/index.txt
DISCORDANÇA: ../../wikiform/data/pages/pas/actic/c3n1/index.txt
DISCORDANÇA: ../../wikiform/data/pages/pas/actic/c3n2/index.txt
DISCORDANÇA: ../../wikiform/data/pages/pas/actic/c4n1libre/index.txt
DISCORDANÇA: ../../wikiform/data/pages/pas/actic/c4n1mso97/index.txt
DISCORDANÇA: ../../wikiform/data/pages/pas/actic/c4n1mso2003/index.txt
DISCORDANÇA: ../../wikiform/data/pages/pas/actic/c4n1online/index.txt
DISCORDANÇA: ../../wikiform/data/pages/pas/actic/c4n1oopen/index.txt
DISCORDANÇA: ../../wikiform/data/pages/pas/actic/c4n2libre/index.txt
DISCORDANÇA: ../../wikiform/data/pages/pas/actic/c4n2mso97/index.txt
DISCORDANÇA: ../../wikiform/data/pages/pas/actic/c4n2mso2003/index.txt
DISCORDANÇA: ../../wikiform/data/pages/pas/actic/c4n2online/index.txt
DISCORDANÇA: ../../wikiform/data/pages/pas/actic/c4n2oopen/index.txt
DISCORDANÇA: ../../wikiform/data/pages/pas/actic/c4n3libre/index.txt
DISCORDANÇA: ../../wikiform/data/pages/pas/actic/c4n3mso97/index.txt
DISCORDANÇA: ../../wikiform/data/pages/pas/actic/c4n3mso2003/index.txt
DISCORDANÇA: ../../wikiform/data/pages/pas/actic/c4n3online/index.txt
DISCORDANÇA: ../../wikiform/data/pages/pas/actic/c4n3oopen/index.txt
DISCORDANÇA: ../../wikiform/data/pages/pas/actic/c5n1/index.txt
DISCORDANÇA: ../../wikiform/data/pages/pas/actic/c5n2/index.txt
DISCORDANÇA: ../../wikiform/data/pages/pas/actic/c5n3/index.txt
DISCORDANÇA: ../../wikiform/data/pages/pas/actic/c6n1libre/index.txt
DISCORDANÇA: ../../wikiform/data/pages/pas/actic/c6n1mso97/index.txt
DISCORDANÇA: ../../wikiform/data/pages/pas/actic/c6n1mso2003/index.txt
DISCORDANÇA: ../../wikiform/data/pages/pas/actic/c6n1online/index.txt
DISCORDANÇA: ../../wikiform/data/pages/pas/actic/c6n1oopen/index.txt
DISCORDANÇA: ../../wikiform/data/pages/pas/actic/c6n2libre/index.txt
DISCORDANÇA: ../../wikiform/data/pages/pas/actic/c6n2mso97/index.txt
DISCORDANÇA: ../../wikiform/data/pages/pas/actic/c6n2mso2003/index.txt
DISCORDANÇA: ../../wikiform/data/pages/pas/actic/c6n2online/index.txt
DISCORDANÇA: ../../wikiform/data/pages/pas/actic/c6n2oopen/index.txt
DISCORDANÇA: ../../wikiform/data/pages/pas/actic/c6n3libre/index.txt
DISCORDANÇA: ../../wikiform/data/pages/pas/actic/c6n3mso97/index.txt
DISCORDANÇA: ../../wikiform/data/pages/pas/actic/c6n3mso2003/index.txt
DISCORDANÇA: ../../wikiform/data/pages/pas/actic/c6n3online/index.txt
DISCORDANÇA: ../../wikiform/data/pages/pas/actic/c6n3oopen/index.txt
DISCORDANÇA: ../../wikiform/data/pages/pas/actic/c7n2libre/index.txt
DISCORDANÇA: ../../wikiform/data/pages/pas/actic/c7n2mso97/index.txt
DISCORDANÇA: ../../wikiform/data/pages/pas/actic/c7n2mso2003/index.txt
DISCORDANÇA: ../../wikiform/data/pages/pas/actic/c7n2online/index.txt
DISCORDANÇA: ../../wikiform/data/pages/pas/actic/c7n2oopen/index.txt
DISCORDANÇA: ../../wikiform/data/pages/pas/actic/c7n3libre/index.txt
DISCORDANÇA: ../../wikiform/data/pages/pas/actic/c7n3mso97/index.txt
DISCORDANÇA: ../../wikiform/data/pages/pas/actic/c7n3mso2003/index.txt
DISCORDANÇA: ../../wikiform/data/pages/pas/actic/c7n3online/index.txt
DISCORDANÇA: ../../wikiform/data/pages/pas/actic/c7n3oopen/index.txt
DISCORDANÇA: ../../wikiform/data/pages/pas/actic/c8n2libre/index.txt
DISCORDANÇA: ../../wikiform/data/pages/pas/actic/c8n2mso97/index.txt
DISCORDANÇA: ../../wikiform/data/pages/pas/actic/c8n2mso2003/index.txt
DISCORDANÇA: ../../wikiform/data/pages/pas/actic/c8n2online/index.txt
DISCORDANÇA: ../../wikiform/data/pages/pas/actic/c8n2oopen/index.txt
DISCORDANÇA: ../../wikiform/data/pages/pas/actic/c8n3libre/index.txt
DISCORDANÇA: ../../wikiform/data/pages/pas/actic/c8n3mso97/index.txt
DISCORDANÇA: ../../wikiform/data/pages/pas/actic/c8n3mso2003/index.txt
DISCORDANÇA: ../../wikiform/data/pages/pas/actic/c8n3online/index.txt
DISCORDANÇA: ../../wikiform/data/pages/pas/actic/c8n3oopen/index.txt
DISCORDANÇA: ../../wikiform/data/pages/formgest/dir_novells/din1/index.txt
DISCORDANÇA: ../../wikiform/data/pages/formgest/dir_novells/din2/index.txt
DISCORDANÇA: ../../wikiform/data/pages/formgest/dir_novells/dino/index.txt
SENSE TÍTOL: ../../wikiform/data/pages/formgest/equips_directius/edst/index.txt
SENSE TÍTOL: ../../wikiform/data/pages/materials/practica_reflexiva/accions/index.txt
SENSE TÍTOL: ../../wikiform/data/pages/materials/practica_reflexiva/base/index.txt
SENSE TÍTOL: ../../wikiform/data/pages/materials/practica_reflexiva/centre/index.txt
SENSE TÍTOL: ../../wikiform/data/pages/materials/practica_reflexiva/eines/index.txt


Data de creació de l'índex de cursos: 27/10/2015  16:53:06